<?xml version="1.0" encoding="UTF-8"?>
<!-- Generated by org.testng.reporters.JUnitReportReporter -->
<testsuite skipped="6" hostname="WorkPC" name="runner.Runer" tests="8" failures="0" timestamp="2022-11-09T13:49:30 IST" time="343.257" errors="0">
  <testcase name="PatientModule" time="42.264" classname="runner.Runer"/>
  <system-out/>
  <testcase name="Settings" time="300.993" classname="runner.Runer"/>
  <system-out/>
  <testcase name="Message" classname="runner.Runer">
    <skipped/>
  </testcase> <!-- Message -->
  <system-out/>
  <testcase name="BillingModule" classname="runner.Runer">
    <skipped/>
  </testcase> <!-- BillingModule -->
  <system-out/>
  <testcase name="calendar" classname="runner.Runer">
    <skipped/>
  </testcase> <!-- calendar -->
  <system-out/>
  <testcase name="HealthRec" classname="runner.Runer">
    <skipped/>
  </testcase> <!-- HealthRec -->
  <system-out/>
  <testcase name="HomeModule" classname="runner.Runer">
    <skipped/>
  </testcase> <!-- HomeModule -->
  <system-out/>
  <testcase name="TeleDoctor" classname="runner.Runer">
    <skipped/>
  </testcase> <!-- TeleDoctor -->
  <system-out/>
</testsuite> <!-- runner.Runer -->
