<?xml version="1.0" encoding="UTF-8"?>
<!-- Generated by org.testng.reporters.JUnitReportReporter -->
<testsuite skipped="0" hostname="WorkPC" name="runner.MavenRunner" tests="1" failures="0" timestamp="2022-11-07T22:10:28 IST" time="1.577" errors="0">
  <testcase name="url" time="1.577" classname="runner.MavenRunner"/>
  <system-out/>
</testsuite> <!-- runner.MavenRunner -->
